<?xml version="1.0" encoding="UTF-8" ?>
<testsuite failures="0" time="0.469" errors="0" skipped="0" tests="1" name="be.cegeka.junit.jasmine.JasmineFinishedSpecsTest">
  <properties>
    <property name="java.runtime.name" value="Java(TM) SE Runtime Environment"/>
    <property name="sun.boot.library.path" value="C:\Development\Java\jdk1.6.0_20\jre\bin"/>
    <property name="java.vm.version" value="16.3-b01"/>
    <property name="java.vm.vendor" value="Sun Microsystems Inc."/>
    <property name="java.vendor.url" value="http://java.sun.com/"/>
    <property name="path.separator" value=";"/>
    <property name="java.vm.name" value="Java HotSpot(TM) Client VM"/>
    <property name="file.encoding.pkg" value="sun.io"/>
    <property name="user.country" value="NL"/>
    <property name="sun.java.launcher" value="SUN_STANDARD"/>
    <property name="sun.os.patch.level" value="Service Pack 2"/>
    <property name="java.vm.specification.name" value="Java Virtual Machine Specification"/>
    <property name="user.dir" value="C:\Development\PrivateWS\jasminejunitrunner"/>
    <property name="java.runtime.version" value="1.6.0_20-b02"/>
    <property name="java.awt.graphicsenv" value="sun.awt.Win32GraphicsEnvironment"/>
    <property name="basedir" value="C:\Development\PrivateWS\jasminejunitrunner"/>
    <property name="java.endorsed.dirs" value="C:\Development\Java\jdk1.6.0_20\jre\lib\endorsed"/>
    <property name="os.arch" value="x86"/>
    <property name="surefire.real.class.path" value="C:\DOCUME~1\Jefklak\LOCALS~1\Temp\surefirebooter1526270766839007188.jar"/>
    <property name="java.io.tmpdir" value="C:\DOCUME~1\Jefklak\LOCALS~1\Temp\"/>
    <property name="line.separator" value="
"/>
    <property name="java.vm.specification.vendor" value="Sun Microsystems Inc."/>
    <property name="user.variant" value=""/>
    <property name="os.name" value="Windows XP"/>
    <property name="sun.jnu.encoding" value="Cp1252"/>
    <property name="java.library.path" value="C:\Development\Java\jdk1.6.0_20\jre\bin;.;C:\WINDOWS\Sun\Java\bin;C:\WINDOWS\system32;C:\WINDOWS;C:\Program Files\MiKTeX 2.9\miktex\bin;C:\WINDOWS\system32;C:\WINDOWS;C:\WINDOWS\system32\wbem;C:\Program Files\Nokia\PC Connectivity Solution;C:\Program Files\Common Files\Adobe\AGL;C:\Program Files\Java\jdk1.6.0_05\bin;C:\Program Files\QuickTime\QTSystem;C:\Development\Cygwin\bin;C:\Program Files\TortoiseSVN\bin;C:\Development\Java\groovy-1.7.10\bin;C:\Development\PrivateWS\gatecontrol\dll;C:\Development\Java\apache-ant-1.8.2\bin;C:\Development\Java\gradle-1.0-milestone-2\bin;C:\Development\Java\apache-maven-2.2.1\bin;C:\Program Files\Calibre2;C:\Development\Java\play-1.2.1"/>
    <property name="surefire.test.class.path" value="C:\Development\PrivateWS\jasminejunitrunner\target\test-classes;C:\Development\PrivateWS\jasminejunitrunner\target\classes;C:\Documents and Settings\Jefklak\.m2\repository\rhino\js\1.7R2\js-1.7R2.jar;C:\Documents and Settings\Jefklak\.m2\repository\junit\junit\4.8.2\junit-4.8.2.jar;C:\Documents and Settings\Jefklak\.m2\repository\commons-io\commons-io\1.4\commons-io-1.4.jar;C:\Documents and Settings\Jefklak\.m2\repository\commons-lang\commons-lang\2.4\commons-lang-2.4.jar;C:\Documents and Settings\Jefklak\.m2\repository\org\mockito\mockito-all\1.8.5\mockito-all-1.8.5.jar;C:\Documents and Settings\Jefklak\.m2\repository\org\easytesting\fest-assert\1.4\fest-assert-1.4.jar;C:\Documents and Settings\Jefklak\.m2\repository\org\easytesting\fest-util\1.1.6\fest-util-1.1.6.jar;"/>
    <property name="java.specification.name" value="Java Platform API Specification"/>
    <property name="java.class.version" value="50.0"/>
    <property name="sun.management.compiler" value="HotSpot Client Compiler"/>
    <property name="os.version" value="5.1"/>
    <property name="user.home" value="C:\Documents and Settings\Jefklak"/>
    <property name="user.timezone" value="Europe/Berlin"/>
    <property name="java.awt.printerjob" value="sun.awt.windows.WPrinterJob"/>
    <property name="java.specification.version" value="1.6"/>
    <property name="file.encoding" value="Cp1252"/>
    <property name="user.name" value="Jefklak"/>
    <property name="java.class.path" value="C:\Development\PrivateWS\jasminejunitrunner\target\test-classes;C:\Development\PrivateWS\jasminejunitrunner\target\classes;C:\Documents and Settings\Jefklak\.m2\repository\rhino\js\1.7R2\js-1.7R2.jar;C:\Documents and Settings\Jefklak\.m2\repository\junit\junit\4.8.2\junit-4.8.2.jar;C:\Documents and Settings\Jefklak\.m2\repository\commons-io\commons-io\1.4\commons-io-1.4.jar;C:\Documents and Settings\Jefklak\.m2\repository\commons-lang\commons-lang\2.4\commons-lang-2.4.jar;C:\Documents and Settings\Jefklak\.m2\repository\org\mockito\mockito-all\1.8.5\mockito-all-1.8.5.jar;C:\Documents and Settings\Jefklak\.m2\repository\org\easytesting\fest-assert\1.4\fest-assert-1.4.jar;C:\Documents and Settings\Jefklak\.m2\repository\org\easytesting\fest-util\1.1.6\fest-util-1.1.6.jar;"/>
    <property name="java.vm.specification.version" value="1.0"/>
    <property name="sun.arch.data.model" value="32"/>
    <property name="java.home" value="C:\Development\Java\jdk1.6.0_20\jre"/>
    <property name="java.specification.vendor" value="Sun Microsystems Inc."/>
    <property name="user.language" value="nl"/>
    <property name="awt.toolkit" value="sun.awt.windows.WToolkit"/>
    <property name="java.vm.info" value="mixed mode, sharing"/>
    <property name="java.version" value="1.6.0_20"/>
    <property name="java.ext.dirs" value="C:\Development\Java\jdk1.6.0_20\jre\lib\ext;C:\WINDOWS\Sun\Java\lib\ext"/>
    <property name="sun.boot.class.path" value="C:\Development\Java\jdk1.6.0_20\jre\lib\resources.jar;C:\Development\Java\jdk1.6.0_20\jre\lib\rt.jar;C:\Development\Java\jdk1.6.0_20\jre\lib\sunrsasign.jar;C:\Development\Java\jdk1.6.0_20\jre\lib\jsse.jar;C:\Development\Java\jdk1.6.0_20\jre\lib\jce.jar;C:\Development\Java\jdk1.6.0_20\jre\lib\charsets.jar;C:\Development\Java\jdk1.6.0_20\jre\classes"/>
    <property name="java.vendor" value="Sun Microsystems Inc."/>
    <property name="localRepository" value="C:\Documents and Settings\Jefklak\.m2\repository"/>
    <property name="file.separator" value="\"/>
    <property name="java.vendor.url.bug" value="http://java.sun.com/cgi-bin/bugreport.cgi"/>
    <property name="sun.cpu.endian" value="little"/>
    <property name="sun.io.unicode.encoding" value="UnicodeLittle"/>
    <property name="sun.desktop" value="windows"/>
    <property name="sun.cpu.isalist" value="pentium_pro+mmx pentium_pro pentium+mmx pentium i486 i386 i86"/>
  </properties>
  <testcase time="0.453" classname="be.cegeka.junit.jasmine.JasmineFinishedSpecsTest" name="shouldNotifyOfSingleSuccess"/>
</testsuite>